
[2026-02-27 12:17:20] 股票监控检查
------------------------------------------------------------
【持仓概况】
  AI算力:
    寒武纪(688256.SH): 1182.50
    澜起科技(688008.SH): 161.82
  固态电池:
    宁德时代(300750.SZ): 344.09
    先导智能(300450.SZ): 54.58
  人形机器人:
    拓普集团(601689.SH): 67.71
    三花智控(002050.SZ): 51.21
今日无价格提醒
============================================================

[2026-02-28 07:00:01] 开始执行股票价格监控...

[2026-02-28 07:00:02] 股票监控检查
------------------------------------------------------------
【持仓概况】
  AI算力:
    寒武纪(688256.SH): 1178.00
    澜起科技(688008.SH): 163.55
  固态电池:
    宁德时代(300750.SZ): 342.01
    先导智能(300450.SZ): 54.80
  人形机器人:
    拓普集团(601689.SH): 67.82
    三花智控(002050.SZ): 51.21
今日无价格提醒
============================================================

[寒武纪] 实时价格: 1178.0
[澜起科技] 实时价格: 163.55
[宁德时代] 实时价格: 342.01
[先导智能] 实时价格: 54.8
[拓普集团] 实时价格: 67.82
[三花智控] 实时价格: 51.21

================================================================================
📊 股票价格监控报告 - 2026-02-28 07:00:02
================================================================================

【当前持仓概况】

  ▶ AI算力
    🟢 寒武纪(688256.SH): 1178.00
       买入:950.00 止损:850.00 卖出:1300.00
    🟢 澜起科技(688008.SH): 163.55
       买入:140.00 止损:120.00 卖出:200.00

  ▶ 固态电池
    🟢 宁德时代(300750.SZ): 342.01
       买入:320.00 止损:280.00 卖出:450.00
    🟢 先导智能(300450.SZ): 54.80
       买入:45.00 止损:38.00 卖出:70.00

  ▶ 人形机器人
    🟢 拓普集团(601689.SH): 67.82
       买入:58.00 止损:50.00 卖出:85.00
    🟢 三花智控(002050.SZ): 51.21
       买入:45.00 止损:38.00 卖出:65.00

✅ 今日无价格提醒

================================================================================
[2026-02-28 07:00:02] 股票价格监控执行成功
----------------------------------------
[2026-03-01 18:58:26] 开始执行股票价格监控...

[2026-03-01 18:58:27] 股票监控检查
------------------------------------------------------------
【持仓概况】
  AI算力:
    寒武纪(688256.SH): 1178.00
    澜起科技(688008.SH): 163.55
  固态电池:
    宁德时代(300750.SZ): 342.01
    先导智能(300450.SZ): 54.80
  人形机器人:
    拓普集团(601689.SH): 67.82
    三花智控(002050.SZ): 51.21
今日无价格提醒
============================================================

[寒武纪] 实时价格: 1178.0
[澜起科技] 实时价格: 163.55
[宁德时代] 实时价格: 342.01
[先导智能] 实时价格: 54.8
[拓普集团] 实时价格: 67.82
[三花智控] 实时价格: 51.21

================================================================================
📊 股票价格监控报告 - 2026-03-01 18:58:27
================================================================================

【当前持仓概况】

  ▶ AI算力
    🟢 寒武纪(688256.SH): 1178.00
       买入:950.00 止损:850.00 卖出:1300.00
    🟢 澜起科技(688008.SH): 163.55
       买入:140.00 止损:120.00 卖出:200.00

  ▶ 固态电池
    🟢 宁德时代(300750.SZ): 342.01
       买入:320.00 止损:280.00 卖出:450.00
    🟢 先导智能(300450.SZ): 54.80
       买入:45.00 止损:38.00 卖出:70.00

  ▶ 人形机器人
    🟢 拓普集团(601689.SH): 67.82
       买入:58.00 止损:50.00 卖出:85.00
    🟢 三花智控(002050.SZ): 51.21
       买入:45.00 止损:38.00 卖出:65.00

✅ 今日无价格提醒

================================================================================
[2026-03-01 18:58:27] 股票价格监控执行成功
----------------------------------------
[2026-03-02 07:00:01] 开始执行股票价格监控...

[2026-03-02 07:00:02] 股票监控检查
------------------------------------------------------------
【持仓概况】
  AI算力:
    寒武纪(688256.SH): 1178.00
    澜起科技(688008.SH): 163.55
  固态电池:
    宁德时代(300750.SZ): 342.01
    先导智能(300450.SZ): 54.80
  人形机器人:
    拓普集团(601689.SH): 67.82
    三花智控(002050.SZ): 51.21
今日无价格提醒
============================================================

[寒武纪] 实时价格: 1178.0
[澜起科技] 实时价格: 163.55
[宁德时代] 实时价格: 342.01
[先导智能] 实时价格: 54.8
[拓普集团] 实时价格: 67.82
[三花智控] 实时价格: 51.21

================================================================================
📊 股票价格监控报告 - 2026-03-02 07:00:02
================================================================================

【当前持仓概况】

  ▶ AI算力
    🟢 寒武纪(688256.SH): 1178.00
       买入:950.00 止损:850.00 卖出:1300.00
    🟢 澜起科技(688008.SH): 163.55
       买入:140.00 止损:120.00 卖出:200.00

  ▶ 固态电池
    🟢 宁德时代(300750.SZ): 342.01
       买入:320.00 止损:280.00 卖出:450.00
    🟢 先导智能(300450.SZ): 54.80
       买入:45.00 止损:38.00 卖出:70.00

  ▶ 人形机器人
    🟢 拓普集团(601689.SH): 67.82
       买入:58.00 止损:50.00 卖出:85.00
    🟢 三花智控(002050.SZ): 51.21
       买入:45.00 止损:38.00 卖出:65.00

✅ 今日无价格提醒

================================================================================
[2026-03-02 07:00:02] 股票价格监控执行成功
----------------------------------------
[2026-03-03 07:00:01] 开始执行股票价格监控...

[2026-03-03 07:00:02] 股票监控检查
------------------------------------------------------------
【持仓概况】
  AI算力:
    寒武纪(688256.SH): 1191.90
    澜起科技(688008.SH): 159.44
  固态电池:
    宁德时代(300750.SZ): 340.22
    先导智能(300450.SZ): 53.28
  人形机器人:
    拓普集团(601689.SH): 66.69
    三花智控(002050.SZ): 49.40
今日无价格提醒
============================================================

[寒武纪] 实时价格: 1191.9
[澜起科技] 实时价格: 159.44
[宁德时代] 实时价格: 340.22
[先导智能] 实时价格: 53.28
[拓普集团] 实时价格: 66.69
[三花智控] 实时价格: 49.4

================================================================================
📊 股票价格监控报告 - 2026-03-03 07:00:02
================================================================================

【当前持仓概况】

  ▶ AI算力
    🟢 寒武纪(688256.SH): 1191.90
       买入:950.00 止损:850.00 卖出:1300.00
    🟢 澜起科技(688008.SH): 159.44
       买入:140.00 止损:120.00 卖出:200.00

  ▶ 固态电池
    🟢 宁德时代(300750.SZ): 340.22
       买入:320.00 止损:280.00 卖出:450.00
    🟢 先导智能(300450.SZ): 53.28
       买入:45.00 止损:38.00 卖出:70.00

  ▶ 人形机器人
    🟢 拓普集团(601689.SH): 66.69
       买入:58.00 止损:50.00 卖出:85.00
    🟢 三花智控(002050.SZ): 49.40
       买入:45.00 止损:38.00 卖出:65.00

✅ 今日无价格提醒

================================================================================
[2026-03-03 07:00:02] 股票价格监控执行成功
----------------------------------------
